<?xml version="1.0" encoding="UTF-8" standalone="yes"?>
<ns2:test-suite start="1482862164907" stop="1482862451565" version="1.4.23.HOTFIX1" xmlns:ns2="urn:model.allure.qatools.yandex.ru">
    <name>automationFramework.Module_TestCase</name>
    <test-cases>
        <test-case start="1482862164981" stop="1482862178535" status="passed">
            <name>checkFooterLinkTestimonials</name>
            <steps/>
            <attachments/>
            <labels>
                <label name="host" value="Crispus-PC"/>
                <label name="thread" value="4816@Crispus-PC.main(1)"/>
            </labels>
        </test-case>
        <test-case start="1482862178786" stop="1482862194926" status="broken">
            <name>writeReviewLoggedOutUser</name>
            <failure>
                <message>RuntimeException: Can't find By.cssSelector: .field-treatments li after 5000 milliseconds.</message>
                <stack-trace>java.lang.RuntimeException: Can't find By.cssSelector: .field-treatments li after 5000 milliseconds.
	at utility.FindElementsNewMechanism.findElements(FindElementsNewMechanism.java:29)
	at pageObjectsElements.WriteAReviewPageElements.li_TreatmentsElement(WriteAReviewPageElements.java:37)
	at pageObjectsActions.WriteAReviewPageActions.fillAndPostReview(WriteAReviewPageActions.java:11)
	at automationFramework.Module_TestCase.writeReviewLoggedOutUser(Module_TestCase.java:55)
	at sun.reflect.NativeMethodAccessorImpl.invoke0(Native Method)
	at sun.reflect.NativeMethodAccessorImpl.invoke(NativeMethodAccessorImpl.java:62)
	at sun.reflect.DelegatingMethodAccessorImpl.invoke(DelegatingMethodAccessorImpl.java:43)
	at java.lang.reflect.Method.invoke(Method.java:498)
	at org.junit.runners.model.FrameworkMethod$1.runReflectiveCall(FrameworkMethod.java:50)
	at org.junit.internal.runners.model.ReflectiveCallable.run(ReflectiveCallable.java:12)
	at org.junit.runners.model.FrameworkMethod.invokeExplosively(FrameworkMethod.java:47)
	at org.junit.internal.runners.statements.InvokeMethod.evaluate(InvokeMethod.java:17)
	at org.junit.internal.runners.statements.RunBefores.evaluate(RunBefores.java:26)
	at org.junit.rules.TestWatcher$1.evaluate(TestWatcher.java:55)
	at org.junit.rules.RunRules.evaluate(RunRules.java:20)
	at org.junit.runners.ParentRunner.runLeaf(ParentRunner.java:325)
	at org.junit.runners.BlockJUnit4ClassRunner.runChild(BlockJUnit4ClassRunner.java:78)
	at org.junit.runners.BlockJUnit4ClassRunner.runChild(BlockJUnit4ClassRunner.java:57)
	at org.junit.runners.ParentRunner$3.run(ParentRunner.java:290)
	at org.junit.runners.ParentRunner$1.schedule(ParentRunner.java:71)
	at org.junit.runners.ParentRunner.runChildren(ParentRunner.java:288)
	at org.junit.runners.ParentRunner.access$000(ParentRunner.java:58)
	at org.junit.runners.ParentRunner$2.evaluate(ParentRunner.java:268)
	at org.junit.runners.ParentRunner.run(ParentRunner.java:363)
	at org.apache.maven.surefire.junit4.JUnit4Provider.execute(JUnit4Provider.java:264)
	at org.apache.maven.surefire.junit4.JUnit4Provider.executeTestSet(JUnit4Provider.java:153)
	at org.apache.maven.surefire.junit4.JUnit4Provider.invoke(JUnit4Provider.java:124)
	at sun.reflect.NativeMethodAccessorImpl.invoke0(Native Method)
	at sun.reflect.NativeMethodAccessorImpl.invoke(NativeMethodAccessorImpl.java:62)
	at sun.reflect.DelegatingMethodAccessorImpl.invoke(DelegatingMethodAccessorImpl.java:43)
	at java.lang.reflect.Method.invoke(Method.java:498)
	at org.apache.maven.surefire.util.ReflectionUtils.invokeMethodWithArray2(ReflectionUtils.java:208)
	at org.apache.maven.surefire.booter.ProviderFactory$ProviderProxy.invoke(ProviderFactory.java:158)
	at org.apache.maven.surefire.booter.ProviderFactory.invokeProvider(ProviderFactory.java:86)
	at org.apache.maven.surefire.booter.ForkedBooter.runSuitesInProcess(ForkedBooter.java:153)
	at org.apache.maven.surefire.booter.ForkedBooter.main(ForkedBooter.java:95)
</stack-trace>
            </failure>
            <steps/>
            <attachments/>
            <labels>
                <label name="host" value="Crispus-PC"/>
                <label name="thread" value="4816@Crispus-PC.main(1)"/>
            </labels>
        </test-case>
        <test-case start="1482862194941" stop="1482862204805" status="passed">
            <name>goToConditionSelectionPage</name>
            <steps/>
            <attachments/>
            <labels>
                <label name="host" value="Crispus-PC"/>
                <label name="thread" value="4816@Crispus-PC.main(1)"/>
            </labels>
        </test-case>
        <test-case start="1482862204816" stop="1482862229121" status="passed">
            <name>checkFooterLinkBlog</name>
            <steps/>
            <attachments/>
            <labels>
                <label name="host" value="Crispus-PC"/>
                <label name="thread" value="4816@Crispus-PC.main(1)"/>
            </labels>
        </test-case>
        <test-case start="1482862229125" stop="1482862243772" status="passed">
            <name>goToSingleReviewPage</name>
            <steps/>
            <attachments/>
            <labels>
                <label name="host" value="Crispus-PC"/>
                <label name="thread" value="4816@Crispus-PC.main(1)"/>
            </labels>
        </test-case>
        <test-case start="1482862243804" stop="1482862267897" status="passed">
            <name>checkFooterLinkFAQ</name>
            <steps/>
            <attachments/>
            <labels>
                <label name="host" value="Crispus-PC"/>
                <label name="thread" value="4816@Crispus-PC.main(1)"/>
            </labels>
        </test-case>
        <test-case start="1482862267900" stop="1482862293534" status="passed">
            <name>logIn</name>
            <steps/>
            <attachments/>
            <labels>
                <label name="host" value="Crispus-PC"/>
                <label name="thread" value="4816@Crispus-PC.main(1)"/>
            </labels>
        </test-case>
        <test-case start="1482862293537" stop="1482862324772" status="broken">
            <name>writeReviewLoggedInUserConditionIsUnknown</name>
            <failure>
                <message>RuntimeException: Can't find By.cssSelector: .field-treatments li after 5000 milliseconds.</message>
                <stack-trace>java.lang.RuntimeException: Can't find By.cssSelector: .field-treatments li after 5000 milliseconds.
	at utility.FindElementsNewMechanism.findElements(FindElementsNewMechanism.java:29)
	at pageObjectsElements.WriteAReviewPageElements.li_TreatmentsElement(WriteAReviewPageElements.java:37)
	at pageObjectsActions.WriteAReviewPageActions.fillAndPostReview(WriteAReviewPageActions.java:11)
	at automationFramework.Module_TestCase.writeReviewLoggedInUserConditionIsUnknown(Module_TestCase.java:64)
	at sun.reflect.NativeMethodAccessorImpl.invoke0(Native Method)
	at sun.reflect.NativeMethodAccessorImpl.invoke(NativeMethodAccessorImpl.java:62)
	at sun.reflect.DelegatingMethodAccessorImpl.invoke(DelegatingMethodAccessorImpl.java:43)
	at java.lang.reflect.Method.invoke(Method.java:498)
	at org.junit.runners.model.FrameworkMethod$1.runReflectiveCall(FrameworkMethod.java:50)
	at org.junit.internal.runners.model.ReflectiveCallable.run(ReflectiveCallable.java:12)
	at org.junit.runners.model.FrameworkMethod.invokeExplosively(FrameworkMethod.java:47)
	at org.junit.internal.runners.statements.InvokeMethod.evaluate(InvokeMethod.java:17)
	at org.junit.internal.runners.statements.RunBefores.evaluate(RunBefores.java:26)
	at org.junit.rules.TestWatcher$1.evaluate(TestWatcher.java:55)
	at org.junit.rules.RunRules.evaluate(RunRules.java:20)
	at org.junit.runners.ParentRunner.runLeaf(ParentRunner.java:325)
	at org.junit.runners.BlockJUnit4ClassRunner.runChild(BlockJUnit4ClassRunner.java:78)
	at org.junit.runners.BlockJUnit4ClassRunner.runChild(BlockJUnit4ClassRunner.java:57)
	at org.junit.runners.ParentRunner$3.run(ParentRunner.java:290)
	at org.junit.runners.ParentRunner$1.schedule(ParentRunner.java:71)
	at org.junit.runners.ParentRunner.runChildren(ParentRunner.java:288)
	at org.junit.runners.ParentRunner.access$000(ParentRunner.java:58)
	at org.junit.runners.ParentRunner$2.evaluate(ParentRunner.java:268)
	at org.junit.runners.ParentRunner.run(ParentRunner.java:363)
	at org.apache.maven.surefire.junit4.JUnit4Provider.execute(JUnit4Provider.java:264)
	at org.apache.maven.surefire.junit4.JUnit4Provider.executeTestSet(JUnit4Provider.java:153)
	at org.apache.maven.surefire.junit4.JUnit4Provider.invoke(JUnit4Provider.java:124)
	at sun.reflect.NativeMethodAccessorImpl.invoke0(Native Method)
	at sun.reflect.NativeMethodAccessorImpl.invoke(NativeMethodAccessorImpl.java:62)
	at sun.reflect.DelegatingMethodAccessorImpl.invoke(DelegatingMethodAccessorImpl.java:43)
	at java.lang.reflect.Method.invoke(Method.java:498)
	at org.apache.maven.surefire.util.ReflectionUtils.invokeMethodWithArray2(ReflectionUtils.java:208)
	at org.apache.maven.surefire.booter.ProviderFactory$ProviderProxy.invoke(ProviderFactory.java:158)
	at org.apache.maven.surefire.booter.ProviderFactory.invokeProvider(ProviderFactory.java:86)
	at org.apache.maven.surefire.booter.ForkedBooter.runSuitesInProcess(ForkedBooter.java:153)
	at org.apache.maven.surefire.booter.ForkedBooter.main(ForkedBooter.java:95)
</stack-trace>
            </failure>
            <steps/>
            <attachments/>
            <labels>
                <label name="host" value="Crispus-PC"/>
                <label name="thread" value="4816@Crispus-PC.main(1)"/>
            </labels>
        </test-case>
        <test-case start="1482862324773" stop="1482862347652" status="passed">
            <name>checkFooterLinkResources</name>
            <steps/>
            <attachments/>
            <labels>
                <label name="host" value="Crispus-PC"/>
                <label name="thread" value="4816@Crispus-PC.main(1)"/>
            </labels>
        </test-case>
        <test-case start="1482862347654" stop="1482862383996" status="passed">
            <name>forgotPassword</name>
            <steps/>
            <attachments/>
            <labels>
                <label name="host" value="Crispus-PC"/>
                <label name="thread" value="4816@Crispus-PC.main(1)"/>
            </labels>
        </test-case>
        <test-case start="1482862384019" stop="1482862400634" status="passed">
            <name>checkFooterLinkAbout</name>
            <steps/>
            <attachments/>
            <labels>
                <label name="host" value="Crispus-PC"/>
                <label name="thread" value="4816@Crispus-PC.main(1)"/>
            </labels>
        </test-case>
        <test-case start="1482862400636" stop="1482862409735" status="passed">
            <name>goToTreatmentRatingsConditionPage</name>
            <steps/>
            <attachments/>
            <labels>
                <label name="host" value="Crispus-PC"/>
                <label name="thread" value="4816@Crispus-PC.main(1)"/>
            </labels>
        </test-case>
        <test-case start="1482862409739" stop="1482862433813" status="passed">
            <name>signUpWithoutReview</name>
            <steps/>
            <attachments/>
            <labels>
                <label name="host" value="Crispus-PC"/>
                <label name="thread" value="4816@Crispus-PC.main(1)"/>
            </labels>
        </test-case>
        <test-case start="1482862433816" stop="1482862450122" status="passed">
            <name>writeReviewLoggedOutUserTemp</name>
            <steps/>
            <attachments/>
            <labels>
                <label name="host" value="Crispus-PC"/>
                <label name="thread" value="4816@Crispus-PC.main(1)"/>
            </labels>
        </test-case>
    </test-cases>
    <labels>
        <label name="framework" value="JUnit"/>
        <label name="language" value="JAVA"/>
    </labels>
</ns2:test-suite>
