-------------------------------------------------------------------------------
Test set: automationFramework.Module_TestCase
-------------------------------------------------------------------------------
Tests run: 11, Failures: 0, Errors: 2, Skipped: 0, Time elapsed: 161.492 sec <<< FAILURE!
writeReviewLoggedOutUser(automationFramework.Module_TestCase)  Time elapsed: 15.843 sec  <<< ERROR!
java.lang.RuntimeException: Can't find By.cssSelector: .field-treatments li after 5000 milliseconds.
	at utility.FindElementsNewMechanism.findElements(FindElementsNewMechanism.java:29)
	at pageObjectsElements.WriteAReviewPageElements.li_TreatmentsElement(WriteAReviewPageElements.java:37)
	at pageObjectsActions.WriteAReviewPageActions.fillAndPostReview(WriteAReviewPageActions.java:11)
	at automationFramework.Module_TestCase.writeReviewLoggedOutUser(Module_TestCase.java:55)

writeReviewLoggedInUserConditionIsUnknown(automationFramework.Module_TestCase)  Time elapsed: 20.507 sec  <<< ERROR!
java.lang.RuntimeException: Can't find By.cssSelector: .field-treatments li after 5000 milliseconds.
	at utility.FindElementsNewMechanism.findElements(FindElementsNewMechanism.java:29)
	at pageObjectsElements.WriteAReviewPageElements.li_TreatmentsElement(WriteAReviewPageElements.java:37)
	at pageObjectsActions.WriteAReviewPageActions.fillAndPostReview(WriteAReviewPageActions.java:11)
	at automationFramework.Module_TestCase.writeReviewLoggedInUserConditionIsUnknown(Module_TestCase.java:64)

