-------------------------------------------------------------------------------
Test set: automationFramework.Module_TestCase
-------------------------------------------------------------------------------
Tests run: 11, Failures: 0, Errors: 4, Skipped: 0, Time elapsed: 383.185 sec <<< FAILURE!
checkFooterLinkTestimonials(automationFramework.Module_TestCase)  Time elapsed: 79.585 sec  <<< ERROR!
java.lang.IndexOutOfBoundsException: Index: 6, Size: 6
	at java.util.ArrayList.rangeCheck(ArrayList.java:653)
	at java.util.ArrayList.get(ArrayList.java:429)
	at pageObjectsElements.FooterElements.lnk_FooterLink(FooterElements.java:18)
	at pageObjectsActions.FooterActions.clickOnFooterLink(FooterActions.java:9)
	at automationFramework.Module_TestCase.checkFooterLinkTestimonials(Module_TestCase.java:131)

writeReviewLoggedOutUser(automationFramework.Module_TestCase)  Time elapsed: 17.873 sec  <<< ERROR!
java.lang.RuntimeException: Can't find By.cssSelector: .field-treatments li after 5000 milliseconds.
	at utility.FindElementsNewMechanism.findElements(FindElementsNewMechanism.java:29)
	at pageObjectsElements.WriteAReviewPageElements.li_TreatmentsElement(WriteAReviewPageElements.java:37)
	at pageObjectsActions.WriteAReviewPageActions.fillAndPostReview(WriteAReviewPageActions.java:11)
	at automationFramework.Module_TestCase.writeReviewLoggedOutUser(Module_TestCase.java:55)

logIn(automationFramework.Module_TestCase)  Time elapsed: 16.023 sec  <<< ERROR!
org.openqa.selenium.WebDriverException: chrome not reachable
  (Session info: chrome=54.0.2840.71)
  (Driver info: chromedriver=2.25.426923 (0390b88869384d6eb0d5d09729679f934aab9eed),platform=Windows NT 6.1.7601 SP1 x86_64) (WARNING: The server did not provide any stacktrace information)
Command duration or timeout: 4.01 seconds
Build info: version: 'unknown', revision: '31c43c8', time: '2016-08-02 21:57:56 -0700'
System info: host: 'Crispus-PC', ip: '192.168.3.15', os.name: 'Windows 7', os.arch: 'amd64', os.version: '6.1', java.version: '1.8.0_91'
Driver info: org.openqa.selenium.chrome.ChromeDriver
Capabilities [{applicationCacheEnabled=false, rotatable=false, mobileEmulationEnabled=false, networkConnectionEnabled=false, chrome={chromedriverVersion=2.25.426923 (0390b88869384d6eb0d5d09729679f934aab9eed), userDataDir=C:\Users\Crispus\AppData\Local\Temp\scoped_dir6084_27643}, takesHeapSnapshot=true, pageLoadStrategy=normal, databaseEnabled=false, handlesAlerts=true, hasTouchScreen=false, version=54.0.2840.71, platform=XP, browserConnectionEnabled=false, nativeEvents=true, acceptSslCerts=true, locationContextEnabled=true, webStorageEnabled=true, browserName=chrome, takesScreenshot=true, javascriptEnabled=true, cssSelectorsEnabled=true}]
Session ID: bed54b938e9a43f2e60263b26f24dbca
*** Element info: {Using=link text, value=Log In}
	at sun.reflect.NativeConstructorAccessorImpl.newInstance0(Native Method)
	at sun.reflect.NativeConstructorAccessorImpl.newInstance(NativeConstructorAccessorImpl.java:62)
	at sun.reflect.DelegatingConstructorAccessorImpl.newInstance(DelegatingConstructorAccessorImpl.java:45)
	at java.lang.reflect.Constructor.newInstance(Constructor.java:423)
	at org.openqa.selenium.remote.ErrorHandler.createThrowable(ErrorHandler.java:206)
	at org.openqa.selenium.remote.ErrorHandler.throwIfResponseFailed(ErrorHandler.java:158)
	at org.openqa.selenium.remote.RemoteWebDriver.execute(RemoteWebDriver.java:631)
	at org.openqa.selenium.remote.RemoteWebDriver.findElements(RemoteWebDriver.java:394)
	at org.openqa.selenium.remote.RemoteWebDriver.findElementsByLinkText(RemoteWebDriver.java:430)
	at org.openqa.selenium.By$ByLinkText.findElements(By.java:241)
	at org.openqa.selenium.remote.RemoteWebDriver.findElements(RemoteWebDriver.java:357)
	at utility.FindElementsNewMechanism.findElements(FindElementsNewMechanism.java:15)
	at pageObjectsElements.HeaderElements.lnk_LogIn(HeaderElements.java:14)
	at pageObjectsActions.HeaderActions.clickOnLogIn(HeaderActions.java:9)
	at automationFramework.Module_TestCase.logIn(Module_TestCase.java:39)

writeReviewLoggedInUserConditionIsUnknown(automationFramework.Module_TestCase)  Time elapsed: 111.867 sec  <<< ERROR!
java.lang.RuntimeException: Can't find By.cssSelector: button after 5000 milliseconds.
	at utility.FindElementsNewMechanism.findElements(FindElementsNewMechanism.java:29)
	at pageObjectsElements.WriteAReviewPageElements.bttn_PostReview(WriteAReviewPageElements.java:60)
	at pageObjectsActions.WriteAReviewPageActions.fillAndPostReview(WriteAReviewPageActions.java:13)
	at automationFramework.Module_TestCase.writeReviewLoggedInUserConditionIsUnknown(Module_TestCase.java:64)

