<?xml version="1.0" encoding="UTF-8"?>
<testsuite name="automationFramework.Navigation_TestCase" time="191.373" tests="17" errors="0" skipped="0" failures="1">
  <properties>
[...]
</properties>
  <testcase name="checkFooterLinkTestimonials" classname="automationFramework.Navigation_TestCase" time="18.65"/>
  <testcase name="goToConditionSelectionPageFromTreatmentRatingsConditionPage" classname="automationFramework.Navigation_TestCase" time="9.082"/>
  <testcase name="goToConditionSelectionPage" classname="automationFramework.Navigation_TestCase" time="7.916"/>
  <testcase name="goToTwitterPageFromFooter" classname="automationFramework.Navigation_TestCase" time="13.967"/>
  <testcase name="checkFooterCopyrightPrivacyPolicy" classname="automationFramework.Navigation_TestCase" time="10.407"/>
  <testcase name="goToMailServiceFromFooter" classname="automationFramework.Navigation_TestCase" time="7.16"/>
  <testcase name="checkFooterLinkBlog" classname="automationFramework.Navigation_TestCase" time="13.621"/>
  <testcase name="goToSingleReviewPage" classname="automationFramework.Navigation_TestCase" time="10.208"/>
  <testcase name="checkFooterLinkFAQ" classname="automationFramework.Navigation_TestCase" time="9.906"/>
  <testcase name="goToTreatmentRatingsConditionPageFromConditionSelectionPage" classname="automationFramework.Navigation_TestCase" time="13.035">
    <failure message="Values should be different. Actual: https://dev.healthoutcome.org/condition-selection" type="java.lang.AssertionError">java.lang.AssertionError: Values should be different. Actual: https://dev.healthoutcome.org/condition-selection
	at org.junit.Assert.fail(Assert.java:88)
	at org.junit.Assert.failEquals(Assert.java:185)
	at org.junit.Assert.assertNotEquals(Assert.java:161)
	at org.junit.Assert.assertNotEquals(Assert.java:175)
	at automationFramework.Navigation_TestCase.goToTreatmentRatingsConditionPageFromConditionSelectionPage(Navigation_TestCase.java:186)
</failure>
    <system-out>Thu Jan 12 10:52:25 EET 2017: Waited for 1000 milliseconds.[By.cssSelector: .parts-list li > span]
</system-out>
    <system-err>ñ³÷. 12, 2017 10:52:15 AM org.openqa.selenium.remote.ProtocolHandshake createSession
INFO: Attempting bi-dialect session, assuming Postel's Law holds true on the remote end
ñ³÷. 12, 2017 10:52:17 AM org.openqa.selenium.remote.ProtocolHandshake createSession
INFO: Detected dialect: OSS
</system-err>
  </testcase>
  <testcase name="checkFooterLinkResources" classname="automationFramework.Navigation_TestCase" time="12.048"/>
  <testcase name="checkFooterCopyrightTermsOfService" classname="automationFramework.Navigation_TestCase" time="13.295"/>
  <testcase name="checkFooterLinkAbout" classname="automationFramework.Navigation_TestCase" time="12.105"/>
  <testcase name="goToTreatmentRatingsConditionPage" classname="automationFramework.Navigation_TestCase" time="8.31"/>
  <testcase name="goToLinkedinPageFromFooter" classname="automationFramework.Navigation_TestCase" time="8.125"/>
  <testcase name="goToFacebookPageFromFooter" classname="automationFramework.Navigation_TestCase" time="12.736"/>
  <testcase name="checkFooterLinkContactUs" classname="automationFramework.Navigation_TestCase" time="10.802"/>
</testsuite>