<?xml version="1.0" encoding="UTF-8"?>
<testsuite xmlns:xsi="http://www.w3.org/2001/XMLSchema-instance" xsi:schemaLocation="https://maven.apache.org/surefire/maven-surefire-plugin/xsd/surefire-test-report.xsd" name="tests.Navigation_TestCase" time="348.913" tests="24" errors="0" skipped="0" failures="0">
  <properties>
[...]
</properties>
  <testcase name="checkFooterLinkTestimonials" classname="tests.Navigation_TestCase" time="42.864"/>
  <testcase name="goToConditionSelectionPageFromTreatmentRatingsConditionPage" classname="tests.Navigation_TestCase" time="15.507"/>
  <testcase name="goToTwitterPageFromFooter" classname="tests.Navigation_TestCase" time="17.391"/>
  <testcase name="checkFooterCopyrightPrivacyPolicy" classname="tests.Navigation_TestCase" time="13.749"/>
  <testcase name="goToMailServiceFromFooter" classname="tests.Navigation_TestCase" time="11.055"/>
  <testcase name="goToWriteAReviewPageFromTreatmentReviewsPage" classname="tests.Navigation_TestCase" time="23.208"/>
  <testcase name="checkFooterLinkBlog" classname="tests.Navigation_TestCase" time="14.935"/>
  <testcase name="goToSignUpPageFromVideosAndGuidesConditionPage" classname="tests.Navigation_TestCase" time="11.28"/>
  <testcase name="goToSingleReviewPage" classname="tests.Navigation_TestCase" time="12.491"/>
  <testcase name="goToWriteAReviewPageFromTreatmentRatingsConditionPage" classname="tests.Navigation_TestCase" time="12.409"/>
  <testcase name="checkFooterLinkFAQ" classname="tests.Navigation_TestCase" time="11.342"/>
  <testcase name="goToWriteAReviewPageFromDetailedBlogPage" classname="tests.Navigation_TestCase" time="14.735"/>
  <testcase name="goToTreatmentReviewsPageFromTreatmentRatingsConditionPage" classname="tests.Navigation_TestCase" time="11.158"/>
  <testcase name="goToTreatmentRatingsConditionPageFromConditionSelectionPage" classname="tests.Navigation_TestCase" time="12.13"/>
  <testcase name="checkFooterLinkResources" classname="tests.Navigation_TestCase" time="13.849"/>
  <testcase name="goToSpecificVideosAndGuidesPageFromSpecificTreatmentReviewPage" classname="tests.Navigation_TestCase" time="13.014"/>
  <testcase name="checkFooterCopyrightTermsOfService" classname="tests.Navigation_TestCase" time="13.063"/>
  <testcase name="checkFooterLinkAbout" classname="tests.Navigation_TestCase" time="11.629"/>
  <testcase name="goToVideosAndGuidesConditionPageFromTreatmentRatingsConditionPage" classname="tests.Navigation_TestCase" time="10.944"/>
  <testcase name="goToWriteAReviewPageFromBlogPage" classname="tests.Navigation_TestCase" time="14.732"/>
  <testcase name="checkLinkedinUrl" classname="tests.Navigation_TestCase" time="9.038"/>
  <testcase name="goToFacebookPageFromFooter" classname="tests.Navigation_TestCase" time="15.888"/>
  <testcase name="checkFooterLinkContactUs" classname="tests.Navigation_TestCase" time="11.65"/>
  <testcase name="goToFirstStepOfCoachingProgramFromTreatmentRatingsConditionPage" classname="tests.Navigation_TestCase" time="10.43"/>
</testsuite>