<?xml version="1.0" encoding="UTF-8"?>
<testsuite xmlns:xsi="http://www.w3.org/2001/XMLSchema-instance" xsi:schemaLocation="https://maven.apache.org/surefire/maven-surefire-plugin/xsd/surefire-test-report.xsd" name="automationFramework.Navigation_TestCase" time="364.975" tests="26" errors="0" skipped="0" failures="0">
  <properties>
[...]
</properties>
  <testcase name="checkFooterLinkTestimonials" classname="automationFramework.Navigation_TestCase" time="18.487"/>
  <testcase name="goToConditionSelectionPageFromTreatmentRatingsConditionPage" classname="automationFramework.Navigation_TestCase" time="12.557"/>
  <testcase name="goToConditionSelectionPage" classname="automationFramework.Navigation_TestCase" time="10.945"/>
  <testcase name="goToTwitterPageFromFooter" classname="automationFramework.Navigation_TestCase" time="12.715"/>
  <testcase name="checkFooterCopyrightPrivacyPolicy" classname="automationFramework.Navigation_TestCase" time="13.168"/>
  <testcase name="goToMailServiceFromFooter" classname="automationFramework.Navigation_TestCase" time="10.425"/>
  <testcase name="goToWriteAReviewPageFromTreatmentReviewsPage" classname="automationFramework.Navigation_TestCase" time="22.053"/>
  <testcase name="checkFooterLinkBlog" classname="automationFramework.Navigation_TestCase" time="15.977"/>
  <testcase name="goToSignUpPageFromVideosAndGuidesConditionPage" classname="automationFramework.Navigation_TestCase" time="13.093"/>
  <testcase name="goToSingleReviewPage" classname="automationFramework.Navigation_TestCase" time="15.123"/>
  <testcase name="goToWriteAReviewPageFromTreatmentRatingsConditionPage" classname="automationFramework.Navigation_TestCase" time="15.507"/>
  <testcase name="checkFooterLinkFAQ" classname="automationFramework.Navigation_TestCase" time="12.853"/>
  <testcase name="goToWriteAReviewPageFromDetailedBlogPage" classname="automationFramework.Navigation_TestCase" time="16.33"/>
  <testcase name="goToTreatmentReviewsPageFromTreatmentRatingsConditionPage" classname="automationFramework.Navigation_TestCase" time="12.957"/>
  <testcase name="goToTreatmentRatingsConditionPageFromConditionSelectionPage" classname="automationFramework.Navigation_TestCase" time="14.269"/>
  <testcase name="checkFooterLinkResources" classname="automationFramework.Navigation_TestCase" time="11.98"/>
  <testcase name="goToSpecificVideosAndGuidesPageFromSpecificTreatmentReviewPage" classname="automationFramework.Navigation_TestCase" time="14.956"/>
  <testcase name="checkFooterCopyrightTermsOfService" classname="automationFramework.Navigation_TestCase" time="17.073"/>
  <testcase name="checkFooterLinkAbout" classname="automationFramework.Navigation_TestCase" time="15.321"/>
  <testcase name="goToVideosAndGuidesConditionPageFromTreatmentRatingsConditionPage" classname="automationFramework.Navigation_TestCase" time="11.082"/>
  <testcase name="goToTreatmentRatingsConditionPage" classname="automationFramework.Navigation_TestCase" time="11.157"/>
  <testcase name="goToWriteAReviewPageFromBlogPage" classname="automationFramework.Navigation_TestCase" time="16.187"/>
  <testcase name="checkLinkedinUrl" classname="automationFramework.Navigation_TestCase" time="10.727"/>
  <testcase name="goToFacebookPageFromFooter" classname="automationFramework.Navigation_TestCase" time="14.521"/>
  <testcase name="checkFooterLinkContactUs" classname="automationFramework.Navigation_TestCase" time="13.873"/>
  <testcase name="goToFirstStepOfCoachingProgramFromTreatmentRatingsConditionPage" classname="automationFramework.Navigation_TestCase" time="11.312"/>
</testsuite>